[0.011s] Invoking command in '/home/st/ecat_motion_ws/build/ecat_motion': CMAKE_PREFIX_PATH=/opt/ros/humble /usr/bin/cmake --build /home/st/ecat_motion_ws/build/ecat_motion -- -j12 -l12
[0.053s] [35m[1mConsolidate compiler generated dependencies of target node_motor_controller[0m
[0.080s] [ 25%] [32mBuilding CXX object CMakeFiles/node_motor_controller.dir/src/motor_controller.cpp.o[0m
[2.260s] [01m[K/home/st/ecat_motion_ws/src/motor_control_test/src/motor_controller.cpp:[m[K In member function ‘[01m[Kint motor_controller::vel_s_curve(float*, float*)[m[K’:
[2.260s] [01m[K/home/st/ecat_motion_ws/src/motor_control_test/src/motor_controller.cpp:121:17:[m[K [01;35m[Kwarning: [m[Kthis ‘[01m[Kif[m[K’ clause does not guard... [[01;35m[K]8;;https://gcc.gnu.org/onlinedocs/gcc/Warning-Options.html#index-Wmisleading-indentation-Wmisleading-indentation]8;;[m[K]
[2.260s]   121 |                 [01;35m[Kif[m[K(abs(vel_spans[i]) > abs(span_max))
[2.260s]       |                 [01;35m[K^~[m[K
[2.260s] [01m[K/home/st/ecat_motion_ws/src/motor_control_test/src/motor_controller.cpp:123:21:[m[K [01;36m[Knote: [m[K...this statement, but the latter is misleadingly indented as if it were guarded by the ‘[01m[Kif[m[K’
[2.260s]   123 |                     [01;36m[Kspan_max[m[K = vel_spans[i];  //更新为当前值
[2.260s]       |                     [01;36m[K^~~~~~~~[m[K
[3.274s] [ 50%] [32m[1mLinking CXX executable node_motor_controller[0m
[3.536s] [100%] Built target node_motor_controller
[3.545s] Invoked command in '/home/st/ecat_motion_ws/build/ecat_motion' returned '0': CMAKE_PREFIX_PATH=/opt/ros/humble /usr/bin/cmake --build /home/st/ecat_motion_ws/build/ecat_motion -- -j12 -l12
[3.555s] Invoking command in '/home/st/ecat_motion_ws/build/ecat_motion': CMAKE_PREFIX_PATH=/opt/ros/humble /usr/bin/cmake --install /home/st/ecat_motion_ws/build/ecat_motion
[3.564s] -- Install configuration: "debug"
[3.566s] -- Installing: /home/st/ecat_motion_ws/install/ecat_motion/lib/ecat_motion/node_motor_controller
[3.569s] -- Set runtime path of "/home/st/ecat_motion_ws/install/ecat_motion/lib/ecat_motion/node_motor_controller" to ""
[3.569s] -- Installing: /home/st/ecat_motion_ws/install/ecat_motion/lib/ecat_motion/hcfa_D3E_1602_1A02_ENI.xml
[3.569s] -- Installing: /home/st/ecat_motion_ws/install/ecat_motion/lib/libpci_zecm.so
[3.569s] -- Installing: /home/st/ecat_motion_ws/install/ecat_motion/share/ament_index/resource_index/package_run_dependencies/ecat_motion
[3.569s] -- Installing: /home/st/ecat_motion_ws/install/ecat_motion/share/ament_index/resource_index/parent_prefix_path/ecat_motion
[3.570s] -- Installing: /home/st/ecat_motion_ws/install/ecat_motion/share/ecat_motion/environment/ament_prefix_path.sh
[3.570s] -- Installing: /home/st/ecat_motion_ws/install/ecat_motion/share/ecat_motion/environment/ament_prefix_path.dsv
[3.570s] -- Installing: /home/st/ecat_motion_ws/install/ecat_motion/share/ecat_motion/environment/path.sh
[3.570s] -- Installing: /home/st/ecat_motion_ws/install/ecat_motion/share/ecat_motion/environment/path.dsv
[3.570s] -- Installing: /home/st/ecat_motion_ws/install/ecat_motion/share/ecat_motion/local_setup.bash
[3.571s] -- Installing: /home/st/ecat_motion_ws/install/ecat_motion/share/ecat_motion/local_setup.sh
[3.571s] -- Installing: /home/st/ecat_motion_ws/install/ecat_motion/share/ecat_motion/local_setup.zsh
[3.571s] -- Installing: /home/st/ecat_motion_ws/install/ecat_motion/share/ecat_motion/local_setup.dsv
[3.571s] -- Installing: /home/st/ecat_motion_ws/install/ecat_motion/share/ecat_motion/package.dsv
[3.571s] -- Installing: /home/st/ecat_motion_ws/install/ecat_motion/share/ament_index/resource_index/packages/ecat_motion
[3.571s] -- Installing: /home/st/ecat_motion_ws/install/ecat_motion/share/ecat_motion/cmake/ecat_motionConfig.cmake
[3.572s] -- Installing: /home/st/ecat_motion_ws/install/ecat_motion/share/ecat_motion/cmake/ecat_motionConfig-version.cmake
[3.572s] -- Installing: /home/st/ecat_motion_ws/install/ecat_motion/share/ecat_motion/package.xml
[3.574s] Invoked command in '/home/st/ecat_motion_ws/build/ecat_motion' returned '0': CMAKE_PREFIX_PATH=/opt/ros/humble /usr/bin/cmake --install /home/st/ecat_motion_ws/build/ecat_motion
